<?xml version="1.0" encoding="utf-8" standalone="no"?>
<!--This file represents the results of running a test suite-->
<test-results name="C:\Users\Solier\Documents\GitHub\Gimnasio\GimnasioMVC\Gym.Test\bin\Debug\Gym.Test.dll" total="11" errors="1" failures="0" not-run="0" inconclusive="0" ignored="0" skipped="0" invalid="0" date="2016-05-28" time="20:46:16">
  <environment nunit-version="2.6.4.14350" clr-version="2.0.50727.8009" os-version="Microsoft Windows NT 6.2.9200.0" platform="Win32NT" cwd="C:\Program Files (x86)\NUnit 2.6.4\bin" machine-name="LENOVO" user="Solier" user-domain="Lenovo" />
  <culture-info current-culture="es-PE" current-uiculture="es-ES" />
  <test-suite type="Assembly" name="C:\Users\Solier\Documents\GitHub\Gimnasio\GimnasioMVC\Gym.Test\bin\Debug\Gym.Test.dll" executed="True" result="Failure" success="False" time="0.862" asserts="0">
    <results>
      <test-suite type="Namespace" name="Gym" executed="True" result="Failure" success="False" time="0.852" asserts="0">
        <results>
          <test-suite type="Namespace" name="Test" executed="True" result="Failure" success="False" time="0.845" asserts="0">
            <results>
              <test-suite type="Namespace" name="Controllers" executed="True" result="Failure" success="False" time="0.835" asserts="0">
                <results>
                  <test-suite type="TestFixture" name="SeguimientoControllerTest" executed="True" result="Success" success="True" time="0.727" asserts="0">
                    <results>
                      <test-case name="Gym.Test.Controllers.SeguimientoControllerTest._01_IndexAccion_retornarIndex" executed="True" result="Success" success="True" time="0.134" asserts="2" />
                      <test-case name="Gym.Test.Controllers.SeguimientoControllerTest._02_TestSeguimientoCreateRetormarVistaesOk" executed="True" result="Success" success="True" time="0.002" asserts="3" />
                      <test-case name="Gym.Test.Controllers.SeguimientoControllerTest._03_TestSeguimientoGuardadoExitoRedireccionandoIndex" executed="True" result="Success" success="True" time="0.003" asserts="2" />
                      <test-case name="Gym.Test.Controllers.SeguimientoControllerTest._05_TestSeguimientoDetailsreturnViewIsOk" executed="True" result="Success" success="True" time="0.383" asserts="4" />
                      <test-case name="Gym.Test.Controllers.SeguimientoControllerTest._06_TestSeguimientoGuardadoCorrectamenteRedirectToIndex" executed="True" result="Success" success="True" time="0.003" asserts="2" />
                      <test-case name="Gym.Test.Controllers.SeguimientoControllerTest._07_TestSeguimientoEditReturnViewIsOk" executed="True" result="Success" success="True" time="0.139" asserts="3" />
                      <test-case name="Gym.Test.Controllers.SeguimientoControllerTest._08_TestSeguimientoEditEditSaveSuccess" executed="True" result="Success" success="True" time="0.005" asserts="2" />
                    </results>
                  </test-suite>
                  <test-suite type="TestFixture" name="TrabajadorControllerTest" executed="True" result="Failure" success="False" time="0.063" asserts="0">
                    <results>
                      <test-case name="Gym.Test.Controllers.TrabajadorControllerTest.TestTrabajador1_RetornarIndex_trabajador" executed="True" result="Success" success="True" time="0.000" asserts="2" />
                      <test-case name="Gym.Test.Controllers.TrabajadorControllerTest.TestTrabajador2_AbrirCreateTrabajador_trabajador" executed="True" result="Success" success="True" time="0.000" asserts="3" />
                      <test-case name="Gym.Test.Controllers.TrabajadorControllerTest.TestTrabajador3_GuardadoExitosoRedireccionarIndex_Trabajador" executed="True" result="Success" success="True" time="0.000" asserts="2" />
                      <test-case name="Gym.Test.Controllers.TrabajadorControllerTest.TestTrabajador4_AbrirDetailsTrabajador_trabajador" executed="True" result="Error" success="False" time="0.002" asserts="0">
                        <failure>
                          <message><![CDATA[System.NullReferenceException : Referencia a objeto no establecida como instancia de un objeto.]]></message>
                          <stack-trace><![CDATA[en Gym.Web.Controllers.TrabajadorController.Details(Int32 id) en C:\Users\Solier\Documents\GitHub\Gimnasio\GimnasioMVC\Gym.Web\Controllers\TrabajadorController.cs:línea 60
en Gym.Test.Controllers.TrabajadorControllerTest.TestTrabajador4_AbrirDetailsTrabajador_trabajador() en C:\Users\Solier\Documents\GitHub\Gimnasio\GimnasioMVC\Gym.Test\Controllers\TrabajadorControllerTest.cs:línea 60
]]></stack-trace>
                        </failure>
                      </test-case>
                    </results>
                  </test-suite>
                </results>
              </test-suite>
            </results>
          </test-suite>
        </results>
      </test-suite>
    </results>
  </test-suite>
</test-results>